0 info it worked if it ends with ok
1 verbose cli [ '/usr/local/bin/node',
1 verbose cli   '/usr/local/bin/npm',
1 verbose cli   'install',
1 verbose cli   'unclecheese/react-selectable' ]
2 info using npm@3.3.6
3 info using node@v5.0.0
4 silly loadCurrentTree Starting
5 silly install loadCurrentTree
6 silly install readLocalPackageData
7 silly fetchPackageMetaData unclecheese/react-selectable
8 silly fetchOtherPackageData unclecheese/react-selectable
9 silly cache add args [ 'unclecheese/react-selectable', null ]
10 verbose cache add spec unclecheese/react-selectable
11 silly cache add parsed spec Result {
11 silly cache add   raw: 'unclecheese/react-selectable',
11 silly cache add   scope: null,
11 silly cache add   name: null,
11 silly cache add   rawSpec: 'unclecheese/react-selectable',
11 silly cache add   spec: 'github:unclecheese/react-selectable',
11 silly cache add   type: 'hosted',
11 silly cache add   hosted:
11 silly cache add    { type: 'github',
11 silly cache add      ssh: 'git@github.com:unclecheese/react-selectable.git',
11 silly cache add      sshUrl: 'git+ssh://git@github.com/unclecheese/react-selectable.git',
11 silly cache add      httpsUrl: 'git+https://github.com/unclecheese/react-selectable.git',
11 silly cache add      gitUrl: 'git://github.com/unclecheese/react-selectable.git',
11 silly cache add      shortcut: 'github:unclecheese/react-selectable',
11 silly cache add      directUrl: 'https://raw.githubusercontent.com/unclecheese/react-selectable/master/package.json' } }
12 verbose addRemoteGit caching unclecheese/react-selectable
13 verbose addRemoteGit unclecheese/react-selectable is a repository hosted by github
14 silly tryGitProto attempting to clone git://github.com/unclecheese/react-selectable.git
15 silly tryClone cloning unclecheese/react-selectable via git://github.com/unclecheese/react-selectable.git
16 verbose tryClone git-github-com-unclecheese-react-selectable-git-6ba2a011d3c0c4706ee6ea8f3adb5c40 not in flight; caching
17 verbose makeDirectory /Users/aaroncarlino/.npm/_git-remotes creation not in flight; initializing
18 silly makeDirectory /Users/aaroncarlino/.npm/_git-remotes uid: 501 gid: 20
19 info git [ 'clone',
19 info git   '--template=/Users/aaroncarlino/.npm/_git-remotes/_templates',
19 info git   '--mirror',
19 info git   'git://github.com/unclecheese/react-selectable.git',
19 info git   '/Users/aaroncarlino/.npm/_git-remotes/git-github-com-unclecheese-react-selectable-git-6ba2a011d3c0c4706ee6ea8f3adb5c40' ]
20 verbose mirrorRemote unclecheese/react-selectable git clone git://github.com/unclecheese/react-selectable.git
21 verbose setPermissions unclecheese/react-selectable set permissions on /Users/aaroncarlino/.npm/_git-remotes/git-github-com-unclecheese-react-selectable-git-6ba2a011d3c0c4706ee6ea8f3adb5c40
22 verbose resolveHead unclecheese/react-selectable original treeish: master
23 info git [ 'rev-list', '-n1', 'master' ]
24 silly resolveHead unclecheese/react-selectable resolved treeish: 828a233e5468205528bb6342c03b510cbe638351
25 verbose resolveHead unclecheese/react-selectable resolved Git URL: git://github.com/unclecheese/react-selectable.git#828a233e5468205528bb6342c03b510cbe638351
26 silly resolveHead Git working directory: /var/folders/08/9c4szhh15px1hdjpfyd8061r0000gn/T/npm-8289-2b1aa411/git-cache-2e0d300d610edd35c9ccb42284f49719/828a233e5468205528bb6342c03b510cbe638351
27 info git [ 'clone',
27 info git   '/Users/aaroncarlino/.npm/_git-remotes/git-github-com-unclecheese-react-selectable-git-6ba2a011d3c0c4706ee6ea8f3adb5c40',
27 info git   '/var/folders/08/9c4szhh15px1hdjpfyd8061r0000gn/T/npm-8289-2b1aa411/git-cache-2e0d300d610edd35c9ccb42284f49719/828a233e5468205528bb6342c03b510cbe638351' ]
28 verbose cloneResolved unclecheese/react-selectable clone Cloning into '/var/folders/08/9c4szhh15px1hdjpfyd8061r0000gn/T/npm-8289-2b1aa411/git-cache-2e0d300d610edd35c9ccb42284f49719/828a233e5468205528bb6342c03b510cbe638351'...
28 verbose cloneResolved done.
29 info git [ 'checkout', '828a233e5468205528bb6342c03b510cbe638351' ]
30 verbose checkoutTreeish unclecheese/react-selectable checkout Note: checking out '828a233e5468205528bb6342c03b510cbe638351'.
30 verbose checkoutTreeish
30 verbose checkoutTreeish You are in 'detached HEAD' state. You can look around, make experimental
30 verbose checkoutTreeish changes and commit them, and you can discard any commits you make in this
30 verbose checkoutTreeish state without impacting any branches by performing another checkout.
30 verbose checkoutTreeish
30 verbose checkoutTreeish If you want to create a new branch to retain commits you create, you may
30 verbose checkoutTreeish do so (now or later) by using -b with the checkout command again. Example:
30 verbose checkoutTreeish
30 verbose checkoutTreeish   git checkout -b <new-branch-name>
30 verbose checkoutTreeish
30 verbose checkoutTreeish HEAD is now at 828a233... Several major API changes
31 verbose addLocalDirectory /Users/aaroncarlino/.npm/react-selectable/0.2.0/package.tgz not in flight; packing
32 verbose tar pack [ '/Users/aaroncarlino/.npm/react-selectable/0.2.0/package.tgz',
32 verbose tar pack   '/var/folders/08/9c4szhh15px1hdjpfyd8061r0000gn/T/npm-8289-2b1aa411/git-cache-2e0d300d610edd35c9ccb42284f49719/828a233e5468205528bb6342c03b510cbe638351' ]
33 verbose tarball /Users/aaroncarlino/.npm/react-selectable/0.2.0/package.tgz
34 verbose folder /var/folders/08/9c4szhh15px1hdjpfyd8061r0000gn/T/npm-8289-2b1aa411/git-cache-2e0d300d610edd35c9ccb42284f49719/828a233e5468205528bb6342c03b510cbe638351
35 verbose addLocalTarball adding from inside cache /Users/aaroncarlino/.npm/react-selectable/0.2.0/package.tgz
36 verbose addRemoteGit data._from: unclecheese/react-selectable
37 verbose addRemoteGit data._resolved: git://github.com/unclecheese/react-selectable.git#828a233e5468205528bb6342c03b510cbe638351
38 silly cache afterAdd react-selectable@0.2.0
39 verbose afterAdd /Users/aaroncarlino/.npm/react-selectable/0.2.0/package/package.json not in flight; writing
40 verbose afterAdd /Users/aaroncarlino/.npm/react-selectable/0.2.0/package/package.json written
41 silly install normalizeTree
42 silly loadCurrentTree Finishing
43 silly loadIdealTree Starting
44 silly install loadIdealTree
45 silly cloneCurrentTree Starting
46 silly install cloneCurrentTreeToIdealTree
47 silly cloneCurrentTree Finishing
48 silly loadShrinkwrap Starting
49 silly install loadShrinkwrap
50 silly loadShrinkwrap Finishing
51 silly loadAllDepsIntoIdealTree Starting
52 silly install loadAllDepsIntoIdealTree
53 silly rollbackFailedOptional Starting
54 silly rollbackFailedOptional Finishing
55 silly runTopLevelLifecycles Starting
56 silly runTopLevelLifecycles Finishing
57 silly install printInstalled
58 verbose stack Error: Refusing to install react-selectable as a dependency of itself
58 verbose stack     at checkSelf (/usr/local/lib/node_modules/npm/lib/install/validate-args.js:40:14)
58 verbose stack     at Array.<anonymous> (/usr/local/lib/node_modules/npm/node_modules/slide/lib/bind-actor.js:15:8)
58 verbose stack     at LOOP (/usr/local/lib/node_modules/npm/node_modules/slide/lib/chain.js:15:14)
58 verbose stack     at chain (/usr/local/lib/node_modules/npm/node_modules/slide/lib/chain.js:20:5)
58 verbose stack     at /usr/local/lib/node_modules/npm/lib/install/validate-args.js:15:5
58 verbose stack     at /usr/local/lib/node_modules/npm/node_modules/slide/lib/async-map.js:52:35
58 verbose stack     at Array.forEach (native)
58 verbose stack     at /usr/local/lib/node_modules/npm/node_modules/slide/lib/async-map.js:52:11
58 verbose stack     at Array.forEach (native)
58 verbose stack     at asyncMap (/usr/local/lib/node_modules/npm/node_modules/slide/lib/async-map.js:51:8)
59 verbose cwd /Users/aaroncarlino/Sites/react-selectable/example
60 error Darwin 15.3.0
61 error argv "/usr/local/bin/node" "/usr/local/bin/npm" "install" "unclecheese/react-selectable"
62 error node v5.0.0
63 error npm  v3.3.6
64 error code ENOSELF
65 error Refusing to install react-selectable as a dependency of itself
66 error If you need help, you may report this error at:
66 error     <https://github.com/npm/npm/issues>
67 verbose exit [ 1, true ]
