0 info it worked if it ends with ok
1 verbose cli [ 'node', '/usr/local/bin/npm', 'publish' ]
2 info using npm@1.4.28
3 info using node@v0.10.32
4 verbose publish [ '.' ]
5 verbose cache add [ '.', null ]
6 verbose cache add name=undefined spec="." args=[".",null]
7 verbose parsed url { protocol: null,
7 verbose parsed url   slashes: null,
7 verbose parsed url   auth: null,
7 verbose parsed url   host: null,
7 verbose parsed url   port: null,
7 verbose parsed url   hostname: null,
7 verbose parsed url   hash: null,
7 verbose parsed url   search: null,
7 verbose parsed url   query: null,
7 verbose parsed url   pathname: '.',
7 verbose parsed url   path: '.',
7 verbose parsed url   href: '.' }
8 silly lockFile 3a52ce78- .
9 verbose lock . /Users/aaroncarlino/.npm/3a52ce78-.lock
10 verbose tar pack [ '/Users/aaroncarlino/.npm/react-selectable/0.1.0/package.tgz',
10 verbose tar pack   '.' ]
11 verbose tarball /Users/aaroncarlino/.npm/react-selectable/0.1.0/package.tgz
12 verbose folder .
13 info prepublish react-selectable@0.1.0
14 silly lockFile 1f1177db-tar tar://.
15 verbose lock tar://. /Users/aaroncarlino/.npm/1f1177db-tar.lock
16 silly lockFile 2e05a8b5-act-selectable-0-1-0-package-tgz tar:///Users/aaroncarlino/.npm/react-selectable/0.1.0/package.tgz
17 verbose lock tar:///Users/aaroncarlino/.npm/react-selectable/0.1.0/package.tgz /Users/aaroncarlino/.npm/2e05a8b5-act-selectable-0-1-0-package-tgz.lock
18 silly lockFile 1f1177db-tar tar://.
19 silly lockFile 1f1177db-tar tar://.
20 silly lockFile 2e05a8b5-act-selectable-0-1-0-package-tgz tar:///Users/aaroncarlino/.npm/react-selectable/0.1.0/package.tgz
21 silly lockFile 2e05a8b5-act-selectable-0-1-0-package-tgz tar:///Users/aaroncarlino/.npm/react-selectable/0.1.0/package.tgz
22 silly lockFile 915279c1-m-react-selectable-0-1-0-package /Users/aaroncarlino/.npm/react-selectable/0.1.0/package
23 verbose lock /Users/aaroncarlino/.npm/react-selectable/0.1.0/package /Users/aaroncarlino/.npm/915279c1-m-react-selectable-0-1-0-package.lock
24 silly lockFile 915279c1-m-react-selectable-0-1-0-package /Users/aaroncarlino/.npm/react-selectable/0.1.0/package
25 silly lockFile 915279c1-m-react-selectable-0-1-0-package /Users/aaroncarlino/.npm/react-selectable/0.1.0/package
26 silly lockFile 3a52ce78- .
27 silly lockFile 3a52ce78- .
28 silly publish { name: 'react-selectable',
28 silly publish   version: '0.1.0',
28 silly publish   description: 'Allows individual or group selection of items using the mouse. Click and drag to lasso multiple items, hold the cmd/ctrl key to select non-adjacent items.',
28 silly publish   main: 'src/react-selectable.js',
28 silly publish   repository:
28 silly publish    { type: 'git',
28 silly publish      url: 'git://github.com/unclecheese/react-selectable.git' },
28 silly publish   keywords: [ 'selectable', 'selection', 'mouse', 'drag', 'react' ],
28 silly publish   author: { name: 'Uncle Cheese' },
28 silly publish   license: 'MIT',
28 silly publish   bugs: { url: 'https://github.com/unclecheese/react-selectable/issues' },
28 silly publish   devDependencies:
28 silly publish    { 'babel-core': '^4.6.6',
28 silly publish      'babel-loader': '^4.0.0',
28 silly publish      react: '^0.12.2',
28 silly publish      webpack: '^1.7.2' },
28 silly publish   readme: '# Selectable items for React\n\nAllows individual or group selection of items using the mouse. Click and drag to lasso multiple items, hold the cmd/ctrl key to select non-adjacent items.\n\n## Demo\n[Try it out](http://unclecheese.github.io/react-selectable/example)\n## Getting started\n```\nnpm install react-selectable\n```\n\n```js\nvar React = require(\'react\');\nvar Selectable = require(\'react-selectable\');\n\nvar App = React.createClass({\n  \n  render: function () {\n    return (\n      <Selectable onSelection={this.handleSelection}>\n        {this.props.items.map.function(item, i) {\n          return <MyItem key={i}>{item.title}</MyItem>;\n        })}\n      </Selectable>\n    );\n  },\n  \n  handleSelection: function (keys) {\n    console.log(\'you selected the following keys\', keys);\n  }\n});\n\nvar MyItem = React.createClass({\n  \n  render: function () {\n    return (\n      <div className={this.props.selected ? \'selected\' : \'\'>\n        {this.props.children}\n      </div>\n    );\n  }\n});\n```\n\nSelected items receive the property `selected`.\n\n## Configuration\n\nThe component accepts a few optional props:\n* `onSelection` (Function) Fired after user completes selection\n* `tolerance` (Number|Object) The amount of buffer to add around your `<Selectable />` container, in pixels. To set custom tolerances for each border of the container, pass an object containing values for `top`, `left`, `bottom`, and `right`, e.g. `{ top: 30, left: 40, bottom: 100, right: 0 }`.\n* `component` (string) The component to render. Defaults to `div`.\n',
28 silly publish   readmeFilename: 'README.md',
28 silly publish   gitHead: '646e66cf0a7756cbc0d01b2b3e3dd075795eb900',
28 silly publish   homepage: 'https://github.com/unclecheese/react-selectable',
28 silly publish   _id: 'react-selectable@0.1.0',
28 silly publish   scripts: {},
28 silly publish   _shasum: '688bea11ecc94ecff944ef8bff0cca2eee86e0a3',
28 silly publish   _from: '.' }
29 error need auth auth and email required for publishing
29 error need auth You need to authorize this machine using `npm adduser`
30 error System Darwin 14.0.0
31 error command "node" "/usr/local/bin/npm" "publish"
32 error cwd /Users/aaroncarlino/Sites/react-selectable
33 error node -v v0.10.32
34 error npm -v 1.4.28
35 error code ENEEDAUTH
36 verbose exit [ 1, true ]
